<?xml version="1.0" encoding="UTF-8"?>
<testng-results ignored="0" total="1" passed="1" failed="0" skipped="0">
  <reporter-output>
  </reporter-output>
  <suite started-at="2021-05-13T12:31:42Z" name="Default suite" finished-at="2021-05-13T12:31:45Z" duration-ms="2923">
    <groups>
    </groups>
    <test started-at="2021-05-13T12:31:42Z" name="Default test" finished-at="2021-05-13T12:31:45Z" duration-ms="2923">
      <class name="tests.ApplicationTest">
        <test-method is-config="true" signature="beforeClass()[pri:0, instance:tests.ApplicationTest@42e99e4a]" started-at="2021-05-13T12:31:42Z" name="beforeClass" finished-at="2021-05-13T12:31:45Z" duration-ms="2258" status="PASS">
          <reporter-output>
          </reporter-output>
        </test-method> <!-- beforeClass -->
        <test-method signature="Should_Be_Able_To_Select_Items_InThe_Outer_Perimeter()[pri:0, instance:tests.ApplicationTest@42e99e4a]" started-at="2021-05-13T12:31:45Z" name="Should_Be_Able_To_Select_Items_InThe_Outer_Perimeter" finished-at="2021-05-13T12:31:45Z" duration-ms="637" status="PASS">
          <reporter-output>
          </reporter-output>
        </test-method> <!-- Should_Be_Able_To_Select_Items_InThe_Outer_Perimeter -->
        <test-method is-config="true" signature="afterClass()[pri:0, instance:tests.ApplicationTest@42e99e4a]" started-at="2021-05-13T12:31:45Z" name="afterClass" finished-at="2021-05-13T12:31:45Z" duration-ms="0" status="PASS">
          <reporter-output>
          </reporter-output>
        </test-method> <!-- afterClass -->
      </class> <!-- tests.ApplicationTest -->
    </test> <!-- Default test -->
  </suite> <!-- Default suite -->
</testng-results>
